2025-02-13 10:41:10,850	***	Command:
	main.py --verbosity 20 --batch_size 256 --input_dataset datasets/reduced_balanced_adroit.csv --output_dir adroit_sbseg_2025/reduced_balanced_adroit_2025-02-13_10-41-07 --dense_layer_sizes_g 64 --dense_layer_sizes_d 32 --number_epochs 5000 --k_fold 10 --dropout_decay_rate_d 0.1 --dropout_decay_rate_g 0.05 --initializer_deviation 0.5

2025-02-13 10:41:10,850	***	Settings:
2025-02-13 10:41:10,850	***		activation_function       : LeakyReLU
2025-02-13 10:41:10,851	***		batch_size                : 256
2025-02-13 10:41:10,851	***		classifier                : ['RandomForest', 'SupportVectorMachine', 'DecisionTree', 'AdaBoost', 'Perceptron', 'SGDRegressor', 'XGboost']
2025-02-13 10:41:10,851	***		data_type                 : float32
2025-02-13 10:41:10,851	***		dense_layer_sizes_d       : [[32]]
2025-02-13 10:41:10,851	***		dense_layer_sizes_g       : [[64]]
2025-02-13 10:41:10,851	***		dropout_decay_rate_d      : 0.1
2025-02-13 10:41:10,851	***		dropout_decay_rate_g      : 0.05
2025-02-13 10:41:10,851	***		initializer_deviation     : 0.5
2025-02-13 10:41:10,851	***		initializer_mean          : 0.0
2025-02-13 10:41:10,851	***		input_dataset             : datasets/reduced_balanced_adroit.csv
2025-02-13 10:41:10,851	***		k_fold                    : 10
2025-02-13 10:41:10,851	***		latent_dimension          : 128
2025-02-13 10:41:10,851	***		latent_mean_distribution  : 0.0
2025-02-13 10:41:10,851	***		latent_stander_deviation  : 1.0
2025-02-13 10:41:10,851	***		num_samples_class_benign  : 2000
2025-02-13 10:41:10,851	***		num_samples_class_malware : 2000
2025-02-13 10:41:10,851	***		number_epochs             : 5000
2025-02-13 10:41:10,851	***		output_dir                : adroit_sbseg_2025/reduced_balanced_adroit_2025-02-13_10-41-07
2025-02-13 10:41:10,851	***		path_confusion_matrix     : confusion_matrix
2025-02-13 10:41:10,851	***		path_curve_loss           : training_curve
2025-02-13 10:41:10,851	***		port_mlflow               : 6002
2025-02-13 10:41:10,851	***		run_id                    : None
2025-02-13 10:41:10,851	***		same_layer_size           : False
2025-02-13 10:41:10,851	***		save_models               : False
2025-02-13 10:41:10,852	***		training_algorithm        : Adam
2025-02-13 10:41:10,852	***		use_aim                   : False
2025-02-13 10:41:10,852	***		use_mlflow                : False
2025-02-13 10:41:10,852	***		use_tensorboard           : False
2025-02-13 10:41:10,852	***		verbosity                 : 20
2025-02-13 10:41:10,852	***	
2025-02-13 10:41:10,995	***	Iniciando treinamento do modelo adversarial.
