2025-02-13 10:43:24,366	***	Command:
	main.py --verbosity 20 --batch_size 256 --input_dataset datasets/reduced_balanced_adroit.csv --output_dir adroit_sbseg_2025/reduced_balanced_adroit_2025-02-13_10-43-20 --dense_layer_sizes_g 64 --dense_layer_sizes_d 32 --number_epochs 5000 --k_fold 10 --dropout_decay_rate_d 0.1 --dropout_decay_rate_g 0.05 --initializer_deviation 0.5

2025-02-13 10:43:24,366	***	Settings:
2025-02-13 10:43:24,366	***		activation_function       : LeakyReLU
2025-02-13 10:43:24,366	***		batch_size                : 256
2025-02-13 10:43:24,366	***		classifier                : ['RandomForest', 'SupportVectorMachine', 'DecisionTree', 'AdaBoost', 'Perceptron', 'SGDRegressor', 'XGboost']
2025-02-13 10:43:24,366	***		data_type                 : float32
2025-02-13 10:43:24,366	***		dense_layer_sizes_d       : [[32]]
2025-02-13 10:43:24,366	***		dense_layer_sizes_g       : [[64]]
2025-02-13 10:43:24,366	***		dropout_decay_rate_d      : 0.1
2025-02-13 10:43:24,366	***		dropout_decay_rate_g      : 0.05
2025-02-13 10:43:24,366	***		initializer_deviation     : 0.5
2025-02-13 10:43:24,367	***		initializer_mean          : 0.0
2025-02-13 10:43:24,367	***		input_dataset             : datasets/reduced_balanced_adroit.csv
2025-02-13 10:43:24,367	***		k_fold                    : 10
2025-02-13 10:43:24,367	***		latent_dimension          : 128
2025-02-13 10:43:24,367	***		latent_mean_distribution  : 0.0
2025-02-13 10:43:24,367	***		latent_stander_deviation  : 1.0
2025-02-13 10:43:24,367	***		num_samples_class_benign  : 2000
2025-02-13 10:43:24,367	***		num_samples_class_malware : 2000
2025-02-13 10:43:24,367	***		number_epochs             : 5000
2025-02-13 10:43:24,367	***		output_dir                : adroit_sbseg_2025/reduced_balanced_adroit_2025-02-13_10-43-20
2025-02-13 10:43:24,367	***		path_confusion_matrix     : confusion_matrix
2025-02-13 10:43:24,367	***		path_curve_loss           : training_curve
2025-02-13 10:43:24,367	***		port_mlflow               : 6002
2025-02-13 10:43:24,367	***		run_id                    : None
2025-02-13 10:43:24,367	***		same_layer_size           : False
2025-02-13 10:43:24,367	***		save_models               : False
2025-02-13 10:43:24,367	***		training_algorithm        : Adam
2025-02-13 10:43:24,367	***		use_aim                   : False
2025-02-13 10:43:24,367	***		use_mlflow                : False
2025-02-13 10:43:24,367	***		use_tensorboard           : False
2025-02-13 10:43:24,367	***		verbosity                 : 20
2025-02-13 10:43:24,367	***	
2025-02-13 10:43:24,510	***	Iniciando treinamento do modelo adversarial.
2025-02-13 10:47:03,789	***	Treinamento concluído.
2025-02-13 10:47:05,702	***	
Starting training classifier

2025-02-13 10:47:05,702	***	    Starting training classifier: RANDOM FOREST
2025-02-13 10:47:05,996	***	    Finished training

2025-02-13 10:47:05,996	***	    Starting training classifier: SUPPORT VECTOR MACHINE
2025-02-13 10:47:09,540	***	    Finished training

2025-02-13 10:47:09,540	***	    Starting training classifier: DECISION TREE
2025-02-13 10:47:09,553	***	    Finished training

2025-02-13 10:47:09,553	***	    Starting training classifier: ADA BOOST
2025-02-13 10:47:09,712	***	    Finished training

2025-02-13 10:47:09,712	***	    Starting training classifier: MULTILAYER PERCEPTRON
2025-02-13 10:47:10,732	***	    Finished training

2025-02-13 10:47:10,732	***	    Starting training classifier: SDG
2025-02-13 10:47:10,827	***	    Finished training

2025-02-13 10:47:10,827	***	    Starting training classifier: GAUSSIAN PROCESS
2025-02-13 10:47:10,944	***	    Finished training

2025-02-13 10:47:10,945	***	
Starting training classifier

2025-02-13 10:47:10,945	***	    Starting training classifier: RANDOM FOREST
2025-02-13 10:47:11,190	***	    Finished training

2025-02-13 10:47:11,190	***	    Starting training classifier: SUPPORT VECTOR MACHINE
2025-02-13 10:47:19,387	***	    Finished training

2025-02-13 10:47:19,387	***	    Starting training classifier: DECISION TREE
2025-02-13 10:47:19,393	***	    Finished training

2025-02-13 10:47:19,393	***	    Starting training classifier: ADA BOOST
2025-02-13 10:47:19,558	***	    Finished training

2025-02-13 10:47:19,559	***	    Starting training classifier: MULTILAYER PERCEPTRON
2025-02-13 10:47:20,567	***	    Finished training

2025-02-13 10:47:20,567	***	    Starting training classifier: SDG
2025-02-13 10:47:20,677	***	    Finished training

2025-02-13 10:47:20,677	***	    Starting training classifier: GAUSSIAN PROCESS
2025-02-13 10:47:20,789	***	    Finished training

2025-02-13 10:47:20,790	***	TR_As Fold 1/10 results

2025-02-13 10:47:20,815	***	 Classifier Model: RandomForest
2025-02-13 10:47:20,815	***	   TR_As Fold 1 - Confusion Matrix:
2025-02-13 10:47:20,815	***	[[322  20]
 [303  39]]
2025-02-13 10:47:20,816	***	
   Classifier Metrics:
2025-02-13 10:47:20,816	***	     TR_As Fold 1 - Accuracy: 0.5277777777777778
2025-02-13 10:47:20,816	***	     TR_As Fold 1 - Precision: 0.6610169491525424
2025-02-13 10:47:20,816	***	     TR_As Fold 1 - Recall: 0.11403508771929824
2025-02-13 10:47:20,816	***	     TR_As Fold 1 - F1 Score: 0.19451371571072318

2025-02-13 10:47:21,163	***	 Classifier Model: SupportVectorMachine
2025-02-13 10:47:21,163	***	   TR_As Fold 1 - Confusion Matrix:
2025-02-13 10:47:21,163	***	[[340   2]
 [337   5]]
2025-02-13 10:47:21,163	***	
   Classifier Metrics:
2025-02-13 10:47:21,164	***	     TR_As Fold 1 - Accuracy: 0.5043859649122807
2025-02-13 10:47:21,164	***	     TR_As Fold 1 - Precision: 0.7142857142857143
2025-02-13 10:47:21,164	***	     TR_As Fold 1 - Recall: 0.014619883040935672
2025-02-13 10:47:21,164	***	     TR_As Fold 1 - F1 Score: 0.028653295128939826

2025-02-13 10:47:21,342	***	 Classifier Model: DecisionTree
2025-02-13 10:47:21,342	***	   TR_As Fold 1 - Confusion Matrix:
2025-02-13 10:47:21,342	***	[[322  20]
 [304  38]]
2025-02-13 10:47:21,343	***	
   Classifier Metrics:
2025-02-13 10:47:21,343	***	     TR_As Fold 1 - Accuracy: 0.5263157894736842
2025-02-13 10:47:21,343	***	     TR_As Fold 1 - Precision: 0.6551724137931034
2025-02-13 10:47:21,343	***	     TR_As Fold 1 - Recall: 0.1111111111111111
2025-02-13 10:47:21,343	***	     TR_As Fold 1 - F1 Score: 0.18999999999999997

2025-02-13 10:47:21,534	***	 Classifier Model: AdaBoost
2025-02-13 10:47:21,534	***	   TR_As Fold 1 - Confusion Matrix:
2025-02-13 10:47:21,534	***	[[341   1]
 [340   2]]
2025-02-13 10:47:21,534	***	
   Classifier Metrics:
2025-02-13 10:47:21,535	***	     TR_As Fold 1 - Accuracy: 0.5014619883040936
2025-02-13 10:47:21,535	***	     TR_As Fold 1 - Precision: 0.6666666666666666
2025-02-13 10:47:21,535	***	     TR_As Fold 1 - Recall: 0.005847953216374269
2025-02-13 10:47:21,535	***	     TR_As Fold 1 - F1 Score: 0.011594202898550723

2025-02-13 10:47:21,811	***	 Classifier Model: Perceptron
2025-02-13 10:47:21,812	***	   TR_As Fold 1 - Confusion Matrix:
2025-02-13 10:47:21,812	***	[[342   0]
 [341   1]]
2025-02-13 10:47:21,812	***	
   Classifier Metrics:
2025-02-13 10:47:21,812	***	     TR_As Fold 1 - Accuracy: 0.5014619883040936
2025-02-13 10:47:21,812	***	     TR_As Fold 1 - Precision: 1.0
2025-02-13 10:47:21,812	***	     TR_As Fold 1 - Recall: 0.0029239766081871343
2025-02-13 10:47:21,812	***	     TR_As Fold 1 - F1 Score: 0.005830903790087463

2025-02-13 10:47:22,154	***	 Classifier Model: SGDRegressor
2025-02-13 10:47:22,154	***	   TR_As Fold 1 - Confusion Matrix:
2025-02-13 10:47:22,154	***	[[285  57]
 [255  87]]
2025-02-13 10:47:22,154	***	
   Classifier Metrics:
2025-02-13 10:47:22,154	***	     TR_As Fold 1 - Accuracy: 0.543859649122807
2025-02-13 10:47:22,154	***	     TR_As Fold 1 - Precision: 0.6041666666666666
2025-02-13 10:47:22,154	***	     TR_As Fold 1 - Recall: 0.2543859649122807
2025-02-13 10:47:22,154	***	     TR_As Fold 1 - F1 Score: 0.3580246913580247

2025-02-13 10:47:22,357	***	 Classifier Model: XGboost
2025-02-13 10:47:22,357	***	   TR_As Fold 1 - Confusion Matrix:
2025-02-13 10:47:22,357	***	[[337   5]
 [333   9]]
2025-02-13 10:47:22,357	***	
   Classifier Metrics:
2025-02-13 10:47:22,357	***	     TR_As Fold 1 - Accuracy: 0.5058479532163743
2025-02-13 10:47:22,357	***	     TR_As Fold 1 - Precision: 0.6428571428571429
2025-02-13 10:47:22,358	***	     TR_As Fold 1 - Recall: 0.02631578947368421
2025-02-13 10:47:22,358	***	     TR_As Fold 1 - F1 Score: 0.05056179775280899

2025-02-13 10:47:22,535	***	TS_Ar Fold 1/10 results
2025-02-13 10:47:22,556	***	 Classifier Model: RandomForest
2025-02-13 10:47:22,556	***	   TS_Ar Fold 1 - Confusion Matrix:
2025-02-13 10:47:22,556	***	[[130 212]
 [250  92]]
2025-02-13 10:47:22,556	***	
   Classifier Metrics:
2025-02-13 10:47:22,557	***	     TS_Ar Fold 1 - Accuracy: 0.32456140350877194
2025-02-13 10:47:22,557	***	     TS_Ar Fold 1 - Precision: 0.3026315789473684
2025-02-13 10:47:22,557	***	     TS_Ar Fold 1 - Recall: 0.26900584795321636
2025-02-13 10:47:22,557	***	     TS_Ar Fold 1 - F1 Score: 0.28482972136222906

2025-02-13 10:47:22,557	***	
2025-02-13 10:47:23,223	***	 Classifier Model: SupportVectorMachine
2025-02-13 10:47:23,223	***	   TS_Ar Fold 1 - Confusion Matrix:
2025-02-13 10:47:23,223	***	[[117 225]
 [ 20 322]]
2025-02-13 10:47:23,223	***	
   Classifier Metrics:
2025-02-13 10:47:23,223	***	     TS_Ar Fold 1 - Accuracy: 0.6418128654970761
2025-02-13 10:47:23,224	***	     TS_Ar Fold 1 - Precision: 0.5886654478976234
2025-02-13 10:47:23,224	***	     TS_Ar Fold 1 - Recall: 0.9415204678362573
2025-02-13 10:47:23,224	***	     TS_Ar Fold 1 - F1 Score: 0.7244094488188977

2025-02-13 10:47:23,224	***	
2025-02-13 10:47:23,465	***	 Classifier Model: DecisionTree
2025-02-13 10:47:23,465	***	   TS_Ar Fold 1 - Confusion Matrix:
2025-02-13 10:47:23,465	***	[[145 197]
 [253  89]]
2025-02-13 10:47:23,465	***	
   Classifier Metrics:
2025-02-13 10:47:23,465	***	     TS_Ar Fold 1 - Accuracy: 0.34210526315789475
2025-02-13 10:47:23,465	***	     TS_Ar Fold 1 - Precision: 0.3111888111888112
2025-02-13 10:47:23,465	***	     TS_Ar Fold 1 - Recall: 0.260233918128655
2025-02-13 10:47:23,465	***	     TS_Ar Fold 1 - F1 Score: 0.28343949044585987

2025-02-13 10:47:23,465	***	
2025-02-13 10:47:23,731	***	 Classifier Model: AdaBoost
2025-02-13 10:47:23,731	***	   TS_Ar Fold 1 - Confusion Matrix:
2025-02-13 10:47:23,731	***	[[134 208]
 [ 26 316]]
2025-02-13 10:47:23,732	***	
   Classifier Metrics:
2025-02-13 10:47:23,732	***	     TS_Ar Fold 1 - Accuracy: 0.6578947368421053
2025-02-13 10:47:23,732	***	     TS_Ar Fold 1 - Precision: 0.6030534351145038
2025-02-13 10:47:23,732	***	     TS_Ar Fold 1 - Recall: 0.9239766081871345
2025-02-13 10:47:23,732	***	     TS_Ar Fold 1 - F1 Score: 0.7297921478060048

2025-02-13 10:47:23,732	***	
2025-02-13 10:47:24,074	***	 Classifier Model: Perceptron
2025-02-13 10:47:24,074	***	   TS_Ar Fold 1 - Confusion Matrix:
2025-02-13 10:47:24,074	***	[[112 230]
 [ 19 323]]
2025-02-13 10:47:24,074	***	
   Classifier Metrics:
2025-02-13 10:47:24,074	***	     TS_Ar Fold 1 - Accuracy: 0.6359649122807017
2025-02-13 10:47:24,074	***	     TS_Ar Fold 1 - Precision: 0.5840867992766727
2025-02-13 10:47:24,074	***	     TS_Ar Fold 1 - Recall: 0.9444444444444444
2025-02-13 10:47:24,074	***	     TS_Ar Fold 1 - F1 Score: 0.7217877094972067

2025-02-13 10:47:24,074	***	
2025-02-13 10:47:24,314	***	 Classifier Model: SGDRegressor
2025-02-13 10:47:24,314	***	   TS_Ar Fold 1 - Confusion Matrix:
2025-02-13 10:47:24,314	***	[[175 167]
 [ 24 318]]
2025-02-13 10:47:24,314	***	
   Classifier Metrics:
2025-02-13 10:47:24,314	***	     TS_Ar Fold 1 - Accuracy: 0.7207602339181286
2025-02-13 10:47:24,314	***	     TS_Ar Fold 1 - Precision: 0.6556701030927835
2025-02-13 10:47:24,314	***	     TS_Ar Fold 1 - Recall: 0.9298245614035088
2025-02-13 10:47:24,314	***	     TS_Ar Fold 1 - F1 Score: 0.7690447400241837

2025-02-13 10:47:24,314	***	
2025-02-13 10:47:24,556	***	 Classifier Model: XGboost
2025-02-13 10:47:24,556	***	   TS_Ar Fold 1 - Confusion Matrix:
2025-02-13 10:47:24,556	***	[[136 206]
 [259  83]]
2025-02-13 10:47:24,557	***	
   Classifier Metrics:
2025-02-13 10:47:24,557	***	     TS_Ar Fold 1 - Accuracy: 0.3201754385964912
2025-02-13 10:47:24,557	***	     TS_Ar Fold 1 - Precision: 0.28719723183391005
2025-02-13 10:47:24,557	***	     TS_Ar Fold 1 - Recall: 0.24269005847953215
2025-02-13 10:47:24,557	***	     TS_Ar Fold 1 - F1 Score: 0.2630744849445325

2025-02-13 10:47:24,557	***	
2025-02-13 10:47:24,799	***	Similarity Metrics
2025-02-13 10:47:24,799	***	  Synthetic Fold 1 falses - Mean Squared Error: 0.03362573
2025-02-13 10:47:24,799	***	  Synthetic Fold 1 falses - Cosine Similarity: 0.4937059604807904
2025-02-13 10:47:24,799	***	  Synthetic Fold 1 falses - Maximum Mean Discrepancy: 0.3620003
2025-02-13 10:47:24,799	***	
2025-02-13 10:47:24,800	***	Similarity Metrics
2025-02-13 10:47:24,800	***	  Synthetic Fold 1 true - Mean Squared Error: 0.082515605
2025-02-13 10:47:24,800	***	  Synthetic Fold 1 true - Cosine Similarity: 0.5358067659432428
2025-02-13 10:47:24,800	***	  Synthetic Fold 1 true - Maximum Mean Discrepancy: 5.3523645
2025-02-13 10:47:24,800	***	
2025-02-13 10:47:24,881	***	Iniciando treinamento do modelo adversarial.
